# JRE version: OpenJDK Runtime Environment Temurin-17.0.7+7 (17.0.7+7) (build 17.0.7+7)
# Java VM: OpenJDK 64-Bit Server VM Temurin-17.0.7+7 (17.0.7+7, mixed mode, sharing, tiered, compressed oops, compressed class ptrs, g1 gc, windows-amd64)
GC Precious Log:
 CPUs: 8 total, 8 available
 Memory: 7103M
 Large Page Support: Disabled
 NUMA Support: Disabled
 Compressed Oops: Enabled (Zero based)
 Heap Region Size: 2M
 Heap Min Capacity: 512M
 Heap Initial Capacity: 512M
 Heap Max Capacity: 4072M
 Pre-touch: Disabled
 Parallel Workers: 8
 Concurrent Workers: 2
 Concurrent Refinement Workers: 8
 Periodic GC: Disabled
 String Deduplication is enabled
Heap:
 garbage-first heap   total 524288K, used 143823K [0x0000000701800000, 0x0000000800000000)
  region size 2048K, 9 young (18432K), 1 survivors (2048K)
 Metaspace       used 105333K, committed 105920K, reserved 1179648K
  class space    used 15016K, committed 15360K, reserved 1048576K
GC Heap History (20 events):
Event: 8180.984 GC heap before
{Heap before GC invocations=401 (full 20):
 garbage-first heap   total 524288K, used 208868K [0x0000000701800000, 0x0000000800000000)
  region size 2048K, 40 young (81920K), 1 survivors (2048K)
 Metaspace       used 105290K, committed 105920K, reserved 1179648K
  class space    used 15014K, committed 15360K, reserved 1048576K
}
Event: 8180.993 GC heap after
{Heap after GC invocations=402 (full 20):
 garbage-first heap   total 524288K, used 129037K [0x0000000701800000, 0x0000000800000000)
  region size 2048K, 1 young (2048K), 1 survivors (2048K)
 Metaspace       used 105290K, committed 105920K, reserved 1179648K
  class space    used 15014K, committed 15360K, reserved 1048576K
}
Event: 8195.987 GC heap before
{Heap before GC invocations=402 (full 20):
 garbage-first heap   total 524288K, used 208909K [0x0000000701800000, 0x0000000800000000)
  region size 2048K, 40 young (81920K), 1 survivors (2048K)
 Metaspace       used 105290K, committed 105920K, reserved 1179648K
  class space    used 15014K, committed 15360K, reserved 1048576K
}
Event: 8195.992 GC heap after
{Heap after GC invocations=403 (full 20):
 garbage-first heap   total 524288K, used 129015K [0x0000000701800000, 0x0000000800000000)
  region size 2048K, 1 young (2048K), 1 survivors (2048K)
 Metaspace       used 105290K, committed 105920K, reserved 1179648K
  class space    used 15014K, committed 15360K, reserved 1048576K
}
Event: 8206.220 GC heap before
{Heap before GC invocations=403 (full 20):
 garbage-first heap   total 524288K, used 208887K [0x0000000701800000, 0x0000000800000000)
  region size 2048K, 40 young (81920K), 1 survivors (2048K)
 Metaspace       used 105290K, committed 105920K, reserved 1179648K
  class space    used 15014K, committed 15360K, reserved 1048576K
}
Event: 8206.224 GC heap after
{Heap after GC invocations=404 (full 20):
 garbage-first heap   total 524288K, used 129645K [0x0000000701800000, 0x0000000800000000)
  region size 2048K, 1 young (2048K), 1 survivors (2048K)
 Metaspace       used 105290K, committed 105920K, reserved 1179648K
  class space    used 15014K, committed 15360K, reserved 1048576K
}
Event: 8210.318 GC heap before
{Heap before GC invocations=404 (full 20):
 garbage-first heap   total 524288K, used 209517K [0x0000000701800000, 0x0000000800000000)
  region size 2048K, 40 young (81920K), 1 survivors (2048K)
 Metaspace       used 105293K, committed 105920K, reserved 1179648K
  class space    used 15014K, committed 15360K, reserved 1048576K
}
Event: 8210.323 GC heap after
{Heap after GC invocations=405 (full 20):
 garbage-first heap   total 524288K, used 129392K [0x0000000701800000, 0x0000000800000000)
  region size 2048K, 1 young (2048K), 1 survivors (2048K)
 Metaspace       used 105293K, committed 105920K, reserved 1179648K
  class space    used 15014K, committed 15360K, reserved 1048576K
}
Event: 8213.148 GC heap before
{Heap before GC invocations=405 (full 20):
 garbage-first heap   total 524288K, used 209264K [0x0000000701800000, 0x0000000800000000)
  region size 2048K, 41 young (83968K), 1 survivors (2048K)
 Metaspace       used 105300K, committed 105920K, reserved 1179648K
  class space    used 15014K, committed 15360K, reserved 1048576K
}
Event: 8213.154 GC heap after
{Heap after GC invocations=406 (full 20):
 garbage-first heap   total 524288K, used 129358K [0x0000000701800000, 0x0000000800000000)
  region size 2048K, 1 young (2048K), 1 survivors (2048K)
 Metaspace       used 105300K, committed 105920K, reserved 1179648K
  class space    used 15014K, committed 15360K, reserved 1048576K
}
Event: 8216.156 GC heap before
{Heap before GC invocations=406 (full 20):
 garbage-first heap   total 524288K, used 209230K [0x0000000701800000, 0x0000000800000000)
  region size 2048K, 40 young (81920K), 1 survivors (2048K)
 Metaspace       used 105304K, committed 105920K, reserved 1179648K
  class space    used 15014K, committed 15360K, reserved 1048576K
}
Event: 8216.161 GC heap after
{Heap after GC invocations=407 (full 20):
 garbage-first heap   total 524288K, used 129586K [0x0000000701800000, 0x0000000800000000)
  region size 2048K, 1 young (2048K), 1 survivors (2048K)
 Metaspace       used 105304K, committed 105920K, reserved 1179648K
  class space    used 15014K, committed 15360K, reserved 1048576K
}
Event: 8221.491 GC heap before
{Heap before GC invocations=407 (full 20):
 garbage-first heap   total 524288K, used 209458K [0x0000000701800000, 0x0000000800000000)
  region size 2048K, 40 young (81920K), 1 survivors (2048K)
 Metaspace       used 105306K, committed 105920K, reserved 1179648K
  class space    used 15014K, committed 15360K, reserved 1048576K
}
Event: 8221.495 GC heap after
{Heap after GC invocations=408 (full 20):
 garbage-first heap   total 524288K, used 129506K [0x0000000701800000, 0x0000000800000000)
  region size 2048K, 1 young (2048K), 1 survivors (2048K)
 Metaspace       used 105306K, committed 105920K, reserved 1179648K
  class space    used 15014K, committed 15360K, reserved 1048576K
}
Event: 8233.914 GC heap before
{Heap before GC invocations=408 (full 20):
 garbage-first heap   total 524288K, used 209378K [0x0000000701800000, 0x0000000800000000)
  region size 2048K, 40 young (81920K), 1 survivors (2048K)
 Metaspace       used 105306K, committed 105920K, reserved 1179648K
  class space    used 15014K, committed 15360K, reserved 1048576K
}
Event: 8233.929 GC heap after
{Heap after GC invocations=409 (full 20):
 garbage-first heap   total 524288K, used 129365K [0x0000000701800000, 0x0000000800000000)
  region size 2048K, 1 young (2048K), 1 survivors (2048K)
 Metaspace       used 105306K, committed 105920K, reserved 1179648K
  class space    used 15014K, committed 15360K, reserved 1048576K
}
Event: 8245.244 GC heap before
{Heap before GC invocations=409 (full 20):
 garbage-first heap   total 524288K, used 209237K [0x0000000701800000, 0x0000000800000000)
  region size 2048K, 40 young (81920K), 1 survivors (2048K)
 Metaspace       used 105306K, committed 105920K, reserved 1179648K
  class space    used 15014K, committed 15360K, reserved 1048576K
}
Event: 8245.249 GC heap after
{Heap after GC invocations=410 (full 20):
 garbage-first heap   total 524288K, used 129333K [0x0000000701800000, 0x0000000800000000)
  region size 2048K, 1 young (2048K), 1 survivors (2048K)
 Metaspace       used 105306K, committed 105920K, reserved 1179648K
  class space    used 15014K, committed 15360K, reserved 1048576K
}
Event: 8257.128 GC heap before
{Heap before GC invocations=410 (full 20):
 garbage-first heap   total 524288K, used 209205K [0x0000000701800000, 0x0000000800000000)
  region size 2048K, 40 young (81920K), 1 survivors (2048K)
 Metaspace       used 105316K, committed 105920K, reserved 1179648K
  class space    used 15014K, committed 15360K, reserved 1048576K
}
Event: 8257.132 GC heap after
{Heap after GC invocations=411 (full 20):
 garbage-first heap   total 524288K, used 129487K [0x0000000701800000, 0x0000000800000000)
  region size 2048K, 1 young (2048K), 1 survivors (2048K)
 Metaspace       used 105316K, committed 105920K, reserved 1179648K
  class space    used 15014K, committed 15360K, reserved 1048576K
}

